
> ghost-studio@1.0.0 build C:\Users\qrrom\Downloads\Sub-Son1k-2.3\Sub-Son1k-2.3\apps\ghost-studio
> vite build

[36mvite v5.4.21 [32mbuilding for production...[36m[39m
transforming...
[32m✓[39m 1016 modules transformed.
[31mx[39m Build failed in 16.93s
[31merror during build:
[31m[vite]: Rollup failed to resolve import "@react-three/fiber" from "C:/Users/qrrom/Downloads/Sub-Son1k-2.3/Sub-Son1k-2.3/apps/ghost-studio/src/components/InvocationPortal.tsx".
This is most likely unintended because it can break your application at runtime.
If you do want to externalize this module explicitly add it to
`build.rollupOptions.external`[31m
    at viteWarn (file:///C:/Users/qrrom/Downloads/Sub-Son1k-2.3/Sub-Son1k-2.3/node_modules/.pnpm/vite@5.4.21_@types+node@20.19.27/node_modules/vite/dist/node/chunks/dep-BK3b2jBa.js:65855:17)
    at onwarn (file:///C:/Users/qrrom/Downloads/Sub-Son1k-2.3/Sub-Son1k-2.3/node_modules/.pnpm/@vitejs+plugin-react@4.7.0_vite@5.4.21/node_modules/@vitejs/plugin-react/dist/index.js:90:7)
    at onRollupWarning (file:///C:/Users/qrrom/Downloads/Sub-Son1k-2.3/Sub-Son1k-2.3/node_modules/.pnpm/vite@5.4.21_@types+node@20.19.27/node_modules/vite/dist/node/chunks/dep-BK3b2jBa.js:65885:5)
    at onwarn (file:///C:/Users/qrrom/Downloads/Sub-Son1k-2.3/Sub-Son1k-2.3/node_modules/.pnpm/vite@5.4.21_@types+node@20.19.27/node_modules/vite/dist/node/chunks/dep-BK3b2jBa.js:65550:7)
    at file:///C:/Users/qrrom/Downloads/Sub-Son1k-2.3/Sub-Son1k-2.3/node_modules/.pnpm/rollup@4.53.5/node_modules/rollup/dist/es/shared/node-entry.js:21018:13
    at Object.logger [as onLog] (file:///C:/Users/qrrom/Downloads/Sub-Son1k-2.3/Sub-Son1k-2.3/node_modules/.pnpm/rollup@4.53.5/node_modules/rollup/dist/es/shared/node-entry.js:22891:9)
    at ModuleLoader.handleInvalidResolvedId (file:///C:/Users/qrrom/Downloads/Sub-Son1k-2.3/Sub-Son1k-2.3/node_modules/.pnpm/rollup@4.53.5/node_modules/rollup/dist/es/shared/node-entry.js:21635:26)
    at file:///C:/Users/qrrom/Downloads/Sub-Son1k-2.3/Sub-Son1k-2.3/node_modules/.pnpm/rollup@4.53.5/node_modules/rollup/dist/es/shared/node-entry.js:21593:26[39m
 ELIFECYCLE  Command failed with exit code 1.
